<?xml version="1.0" encoding="UTF-8"?>
<!-- Generated by org.testng.reporters.JUnitReportReporter -->
<testsuite hostname="Poonam-6" failures="0" tests="3" name="testNG.ExecuteWithListeners" time="5.085" errors="1" timestamp="2024-07-29T14:09:51 IST" skipped="1">
  <testcase classname="testNG.ExecuteWithListeners" name="rcb" time="1.030">
    <error message="Method testNG.ExecuteWithListeners.rcb() didn&#039;t finish within the time-out 1000" type="org.testng.internal.thread.ThreadTimeoutException">
      <![CDATA[org.testng.internal.thread.ThreadTimeoutException: Method testNG.ExecuteWithListeners.rcb() didn't finish within the time-out 1000
at java.base@17.0.8/java.lang.Thread.sleep(Native Method)
at app//org.apache.commons.exec.DefaultExecuteResultHandler.waitFor(DefaultExecuteResultHandler.java:121)
at app//org.openqa.selenium.os.OsProcess.waitFor(OsProcess.java:165)
at app//org.openqa.selenium.os.CommandLine.waitFor(CommandLine.java:108)
at app//org.openqa.selenium.manager.SeleniumManager.runCommand(SeleniumManager.java:116)
at app//org.openqa.selenium.manager.SeleniumManager.getDriverPath(SeleniumManager.java:289)
at app//org.openqa.selenium.remote.service.DriverFinder.getPath(DriverFinder.java:22)
at app//org.openqa.selenium.remote.service.DriverFinder.getPath(DriverFinder.java:13)
at app//org.openqa.selenium.chrome.ChromeDriver.generateExecutor(ChromeDriver.java:99)
at app//org.openqa.selenium.chrome.ChromeDriver.<init>(ChromeDriver.java:88)
at app//org.openqa.selenium.chrome.ChromeDriver.<init>(ChromeDriver.java:83)
at app//org.openqa.selenium.chrome.ChromeDriver.<init>(ChromeDriver.java:51)
at app//testNG.ExecuteWithListeners.rcb(ExecuteWithListeners.java:25)
at java.base@17.0.8/jdk.internal.reflect.NativeMethodAccessorImpl.invoke0(Native Method)
at java.base@17.0.8/jdk.internal.reflect.NativeMethodAccessorImpl.invoke(NativeMethodAccessorImpl.java:77)
at java.base@17.0.8/jdk.internal.reflect.DelegatingMethodAccessorImpl.invoke(DelegatingMethodAccessorImpl.java:43)
at java.base@17.0.8/java.lang.reflect.Method.invoke(Method.java:568)
at app//org.testng.internal.invokers.MethodInvocationHelper.invokeMethod(MethodInvocationHelper.java:139)
at app//org.testng.internal.invokers.InvokeMethodRunnable.runOne(InvokeMethodRunnable.java:47)
at app//org.testng.internal.invokers.InvokeMethodRunnable.call(InvokeMethodRunnable.java:76)
at app//org.testng.internal.invokers.InvokeMethodRunnable.call(InvokeMethodRunnable.java:11)
at java.base@17.0.8/java.util.concurrent.FutureTask.run(FutureTask.java:264)
at java.base@17.0.8/java.util.concurrent.ThreadPoolExecutor.runWorker(ThreadPoolExecutor.java:1136)
at java.base@17.0.8/java.util.concurrent.ThreadPoolExecutor$Worker.run(ThreadPoolExecutor.java:635)
at java.base@17.0.8/java.lang.Thread.run(Thread.java:833)
]]>
    </error>
  </testcase> <!-- rcb -->
  <testcase classname="testNG.ExecuteWithListeners" name="Dominos" time="4.055">
    <system-out>
      <![CDATA[My stomach is hungry]]>
    </system-out>
  </testcase> <!-- Dominos -->
  <testcase classname="testNG.ExecuteWithListeners" name="csk" time="0.000">
    <skipped/>
  </testcase> <!-- csk -->
  <system-out>
    <![CDATA[My stomach is hungry]]>
  </system-out>
</testsuite> <!-- testNG.ExecuteWithListeners -->
